Running "module reset". Resetting modules to system default. The following $MODULEPATH directories have been removed: None
job is starting on gpua029.delta.ncsa.illinois.edu

--------------------------------------------------

WikiText-103

Individual valid ppl of models
ADTPOS.txt: 18.01
AdaptiveInputs.txt: 18.15
KNNLM_v2.txt: 15.63
MEGA.txt: 17.17

Individual test ppl of models
ADTPOS.txt: 18.86
AdaptiveInputs.txt: 18.86
KNNLM_v2.txt: 15.47
MEGA.txt: 18.09

Validation Perplexity:  13.746837978702322
Test Perplexity:  13.730001759835996

Name of files with weights
ADTPOS: 0.05
AdaptiveInputs: 0.0
KNNLM_v2: 0.48
MEGA: 0.47
